<?xml version="1.0" encoding="UTF-8"?>
<!-- Generated by org.testng.reporters.JUnitReportReporter -->
<testsuite hostname="Huawei-PC" failures="0" tests="1" name="CreateAccount_Page.En.Full_Page" time="9.192" errors="0" timestamp="2023-05-02T18:53:13 EEST" skipped="0">
  <testcase classname="CreateAccount_Page.En.Full_Page" name="mainCode" time="9.192"/>
  <system-out/>
</testsuite> <!-- CreateAccount_Page.En.Full_Page -->
