<?xml version="1.0" encoding="UTF-8"?>
<!-- Generated by org.testng.reporters.JUnitReportReporter -->
<testsuite hostname="Huawei-PC" failures="0" tests="1" name="Main.TestNg" time="8.120" errors="0" timestamp="2023-05-02T18:53:13 EEST" skipped="0">
  <testcase classname="Main.TestNg" name="case_1" time="8.120"/>
  <system-out/>
</testsuite> <!-- Main.TestNg -->
