<?xml version="1.0" encoding="UTF-8"?>
<!-- Generated by org.testng.reporters.JUnitReportReporter -->
<testsuite hostname="Huawei-PC" failures="0" tests="1" name="CreateAccount_Page.En.By_Element_Test_1_En" time="11.433" errors="0" timestamp="2023-05-02T14:11:50 EEST" skipped="0">
  <testcase classname="CreateAccount_Page.En.By_Element_Test_1_En" name="mainCode" time="11.433"/>
  <system-out/>
</testsuite> <!-- CreateAccount_Page.En.By_Element_Test_1_En -->
