<?xml version="1.0" encoding="UTF-8"?>
<!-- Generated by org.testng.reporters.JUnitReportReporter -->
<testsuite hostname="Huawei-PC" failures="0" tests="1" name="CreateAccount_Page.En.Input_Form" time="11.629" errors="0" timestamp="2023-05-02T18:05:27 EEST" skipped="0">
  <testcase classname="CreateAccount_Page.En.Input_Form" name="inputFormTest" time="11.629"/>
  <system-out/>
</testsuite> <!-- CreateAccount_Page.En.Input_Form -->
