<?xml version="1.0" encoding="UTF-8"?>
<!-- Generated by org.testng.reporters.JUnitReportReporter -->
<testsuite hostname="Huawei-PC" failures="0" tests="1" name="CreateAccount_Page.En.Main_Section" time="9.189" errors="0" timestamp="2023-05-02T18:53:13 EEST" skipped="0">
  <testcase classname="CreateAccount_Page.En.Main_Section" name="mainCode" time="9.189"/>
  <system-out/>
</testsuite> <!-- CreateAccount_Page.En.Main_Section -->
